[debug] [2024-06-02T19:44:26.246Z] ----------------------------------------------------------------------
[debug] [2024-06-02T19:44:26.254Z] Command:       C:\Program Files\nodejs\node.exe C:\Users\Araba\AppData\Roaming\npm\node_modules\firebase-tools\lib\bin\firebase.js init hosting
[debug] [2024-06-02T19:44:26.255Z] CLI Version:   13.2.1
[debug] [2024-06-02T19:44:26.256Z] Platform:      win32
[debug] [2024-06-02T19:44:26.257Z] Node Version:  v18.15.0
[debug] [2024-06-02T19:44:26.261Z] Time:          Sun Jun 02 2024 15:44:26 GMT-0400 (heure d’été de l’Est nord-américain)
[debug] [2024-06-02T19:44:26.262Z] ----------------------------------------------------------------------
[debug] 
[debug] [2024-06-02T19:44:26.295Z] > command requires scopes: ["email","openid","https://www.googleapis.com/auth/cloudplatformprojects.readonly","https://www.googleapis.com/auth/firebase","https://www.googleapis.com/auth/cloud-platform"]
[debug] [2024-06-02T19:44:26.297Z] > authorizing via signed-in user (imraneprojet@gmail.com)
[info] 
     ######## #### ########  ######## ########     ###     ######  ########
     ##        ##  ##     ## ##       ##     ##  ##   ##  ##       ##
     ######    ##  ########  ######   ########  #########  ######  ######
     ##        ##  ##    ##  ##       ##     ## ##     ##       ## ##
     ##       #### ##     ## ######## ########  ##     ##  ######  ########

You're about to initialize a Firebase project in this directory:

  C:\projet\portfolio\serveur

Before we get started, keep in mind:

  * You are currently outside your home directory

[info] 
=== Project Setup
[info] 
[info] First, let's associate this project directory with a Firebase project.
[info] You can create multiple project aliases by running firebase use --add, 
[info] but for now we'll just set up a default project.
[info] 
[debug] [2024-06-02T19:44:33.694Z] > refreshing access token with scopes: []
[debug] [2024-06-02T19:44:33.704Z] >>> [apiv2][query] POST https://www.googleapis.com/oauth2/v3/token [none]
[debug] [2024-06-02T19:44:33.707Z] >>> [apiv2][body] POST https://www.googleapis.com/oauth2/v3/token [omitted]
[debug] [2024-06-02T19:44:34.110Z] <<< [apiv2][status] POST https://www.googleapis.com/oauth2/v3/token 200
[debug] [2024-06-02T19:44:34.110Z] <<< [apiv2][body] POST https://www.googleapis.com/oauth2/v3/token [omitted]
[debug] [2024-06-02T19:44:34.170Z] >>> [apiv2][query] GET https://firebase.googleapis.com/v1beta1/projects pageSize=100
[debug] [2024-06-02T19:44:34.951Z] <<< [apiv2][status] GET https://firebase.googleapis.com/v1beta1/projects 200
[debug] [2024-06-02T19:44:34.951Z] <<< [apiv2][body] GET https://firebase.googleapis.com/v1beta1/projects [omitted]
[info] i  Using project arabahimrane-5cfed (arabahimrane) 
[info] 
=== Hosting Setup
[debug] [2024-06-02T19:44:39.093Z] >>> [apiv2][query] GET https://firebase.googleapis.com/v1beta1/projects/arabahimrane-5cfed [none]
[debug] [2024-06-02T19:44:39.455Z] <<< [apiv2][status] GET https://firebase.googleapis.com/v1beta1/projects/arabahimrane-5cfed 200
[debug] [2024-06-02T19:44:39.456Z] <<< [apiv2][body] GET https://firebase.googleapis.com/v1beta1/projects/arabahimrane-5cfed {"projectId":"arabahimrane-5cfed","projectNumber":"196156982812","displayName":"arabahimrane","name":"projects/arabahimrane-5cfed","resources":{"hostingSite":"arabahimrane-5cfed"},"state":"ACTIVE","etag":"1_38cfa0f6-783d-49ee-aae6-3de74eedd8f8"}
[info] 
[info] Your public directory is the folder (relative to your project directory) that
[info] will contain Hosting assets to be uploaded with firebase deploy. If you
[info] have a build process for your assets, use your build's output directory.
[info] 
